{"/Users/alizehrehman/Documents/RPP28/project-atelier/client/product_details/AddToBag.jsx": {"path":"/Users/alizehrehman/Documents/RPP28/project-atelier/client/product_details/AddToBag.jsx","statementMap":{"0":{"start":{"line":3,"column":10},"end":{"line":3,"column":27}},"1":{"start":{"line":7,"column":4},"end":{"line":7,"column":17}},"2":{"start":{"line":9,"column":4},"end":{"line":14,"column":6}},"3":{"start":{"line":16,"column":4},"end":{"line":16,"column":61}},"4":{"start":{"line":17,"column":4},"end":{"line":17,"column":63}},"5":{"start":{"line":18,"column":4},"end":{"line":18,"column":69}},"6":{"start":{"line":19,"column":4},"end":{"line":19,"column":69}},"7":{"start":{"line":23,"column":23},"end":{"line":23,"column":37}},"8":{"start":{"line":24,"column":4},"end":{"line":24,"column":41}},"9":{"start":{"line":25,"column":4},"end":{"line":29,"column":7}},"10":{"start":{"line":34,"column":4},"end":{"line":38,"column":5}},"11":{"start":{"line":34,"column":17},"end":{"line":34,"column":18}},"12":{"start":{"line":35,"column":6},"end":{"line":37,"column":7}},"13":{"start":{"line":36,"column":8},"end":{"line":36,"column":55}},"14":{"start":{"line":39,"column":4},"end":{"line":41,"column":5}},"15":{"start":{"line":40,"column":6},"end":{"line":40,"column":24}},"16":{"start":{"line":42,"column":4},"end":{"line":44,"column":7}},"17":{"start":{"line":48,"column":27},"end":{"line":48,"column":41}},"18":{"start":{"line":49,"column":4},"end":{"line":51,"column":7}},"19":{"start":{"line":55,"column":4},"end":{"line":82,"column":5}},"20":{"start":{"line":56,"column":6},"end":{"line":60,"column":7}},"21":{"start":{"line":56,"column":19},"end":{"line":56,"column":20}},"22":{"start":{"line":57,"column":8},"end":{"line":59,"column":9}},"23":{"start":{"line":58,"column":23},"end":{"line":58,"column":54}},"24":{"start":{"line":61,"column":20},"end":{"line":64,"column":7}},"25":{"start":{"line":66,"column":6},"end":{"line":76,"column":11}},"26":{"start":{"line":72,"column":10},"end":{"line":72,"column":38}},"27":{"start":{"line":75,"column":10},"end":{"line":75,"column":29}},"28":{"start":{"line":79,"column":6},"end":{"line":81,"column":9}},"29":{"start":{"line":86,"column":22},"end":{"line":86,"column":24}},"30":{"start":{"line":87,"column":4},"end":{"line":89,"column":5}},"31":{"start":{"line":87,"column":17},"end":{"line":87,"column":18}},"32":{"start":{"line":88,"column":6},"end":{"line":88,"column":26}},"33":{"start":{"line":90,"column":28},"end":{"line":90,"column":90}},"34":{"start":{"line":91,"column":26},"end":{"line":91,"column":77}},"35":{"start":{"line":93,"column":4},"end":{"line":110,"column":6}},"36":{"start":{"line":99,"column":51},"end":{"line":99,"column":93}},"37":{"start":{"line":103,"column":41},"end":{"line":103,"column":85}}},"fnMap":{"0":{"name":"(anonymous_0)","decl":{"start":{"line":6,"column":2},"end":{"line":6,"column":3}},"loc":{"start":{"line":6,"column":21},"end":{"line":20,"column":3}},"line":6},"1":{"name":"(anonymous_1)","decl":{"start":{"line":22,"column":2},"end":{"line":22,"column":3}},"loc":{"start":{"line":22,"column":22},"end":{"line":30,"column":3}},"line":22},"2":{"name":"(anonymous_2)","decl":{"start":{"line":32,"column":2},"end":{"line":32,"column":3}},"loc":{"start":{"line":32,"column":26},"end":{"line":45,"column":3}},"line":32},"3":{"name":"(anonymous_3)","decl":{"start":{"line":47,"column":2},"end":{"line":47,"column":3}},"loc":{"start":{"line":47,"column":26},"end":{"line":52,"column":3}},"line":47},"4":{"name":"(anonymous_4)","decl":{"start":{"line":54,"column":2},"end":{"line":54,"column":3}},"loc":{"start":{"line":54,"column":25},"end":{"line":83,"column":3}},"line":54},"5":{"name":"(anonymous_5)","decl":{"start":{"line":71,"column":14},"end":{"line":71,"column":15}},"loc":{"start":{"line":71,"column":28},"end":{"line":73,"column":9}},"line":71},"6":{"name":"(anonymous_6)","decl":{"start":{"line":74,"column":15},"end":{"line":74,"column":16}},"loc":{"start":{"line":74,"column":26},"end":{"line":76,"column":9}},"line":74},"7":{"name":"(anonymous_7)","decl":{"start":{"line":85,"column":2},"end":{"line":85,"column":3}},"loc":{"start":{"line":85,"column":11},"end":{"line":111,"column":3}},"line":85},"8":{"name":"(anonymous_8)","decl":{"start":{"line":99,"column":41},"end":{"line":99,"column":42}},"loc":{"start":{"line":99,"column":51},"end":{"line":99,"column":93}},"line":99},"9":{"name":"(anonymous_9)","decl":{"start":{"line":103,"column":27},"end":{"line":103,"column":28}},"loc":{"start":{"line":103,"column":41},"end":{"line":103,"column":85}},"line":103}},"branchMap":{"0":{"loc":{"start":{"line":35,"column":6},"end":{"line":37,"column":7}},"type":"if","locations":[{"start":{"line":35,"column":6},"end":{"line":37,"column":7}},{"start":{"line":35,"column":6},"end":{"line":37,"column":7}}],"line":35},"1":{"loc":{"start":{"line":39,"column":4},"end":{"line":41,"column":5}},"type":"if","locations":[{"start":{"line":39,"column":4},"end":{"line":41,"column":5}},{"start":{"line":39,"column":4},"end":{"line":41,"column":5}}],"line":39},"2":{"loc":{"start":{"line":55,"column":4},"end":{"line":82,"column":5}},"type":"if","locations":[{"start":{"line":55,"column":4},"end":{"line":82,"column":5}},{"start":{"line":55,"column":4},"end":{"line":82,"column":5}}],"line":55},"3":{"loc":{"start":{"line":57,"column":8},"end":{"line":59,"column":9}},"type":"if","locations":[{"start":{"line":57,"column":8},"end":{"line":59,"column":9}},{"start":{"line":57,"column":8},"end":{"line":59,"column":9}}],"line":57},"4":{"loc":{"start":{"line":90,"column":28},"end":{"line":90,"column":90}},"type":"cond-expr","locations":[{"start":{"line":90,"column":60},"end":{"line":90,"column":74}},{"start":{"line":90,"column":77},"end":{"line":90,"column":90}}],"line":90},"5":{"loc":{"start":{"line":91,"column":26},"end":{"line":91,"column":77}},"type":"cond-expr","locations":[{"start":{"line":91,"column":70},"end":{"line":91,"column":73}},{"start":{"line":91,"column":76},"end":{"line":91,"column":77}}],"line":91},"6":{"loc":{"start":{"line":95,"column":9},"end":{"line":95,"column":84}},"type":"cond-expr","locations":[{"start":{"line":95,"column":34},"end":{"line":95,"column":77}},{"start":{"line":95,"column":80},"end":{"line":95,"column":84}}],"line":95},"7":{"loc":{"start":{"line":102,"column":11},"end":{"line":102,"column":90}},"type":"cond-expr","locations":[{"start":{"line":102,"column":55},"end":{"line":102,"column":83}},{"start":{"line":102,"column":86},"end":{"line":102,"column":90}}],"line":102}},"s":{"0":1,"1":5,"2":4,"3":4,"4":4,"5":4,"6":4,"7":0,"8":0,"9":0,"10":0,"11":0,"12":0,"13":0,"14":0,"15":0,"16":0,"17":0,"18":0,"19":0,"20":0,"21":0,"22":0,"23":0,"24":0,"25":0,"26":0,"27":0,"28":0,"29":4,"30":4,"31":4,"32":4,"33":4,"34":4,"35":4,"36":19,"37":4},"f":{"0":5,"1":0,"2":0,"3":0,"4":0,"5":0,"6":0,"7":4,"8":19,"9":4},"b":{"0":[0,0],"1":[0,0],"2":[0,0],"3":[0,0],"4":[0,4],"5":[4,0],"6":[0,4],"7":[4,0]},"_coverageSchema":"1a1c01bbd47fc00a2c39e90264f33305004495a9","hash":"d6ef41c808e96f2e5d8b5feb98d9aee5772a6bfa"}
,"/Users/alizehrehman/Documents/RPP28/project-atelier/client/product_details/AddToBagButton.jsx": {"path":"/Users/alizehrehman/Documents/RPP28/project-atelier/client/product_details/AddToBagButton.jsx","statementMap":{"0":{"start":{"line":3,"column":23},"end":{"line":11,"column":1}},"1":{"start":{"line":5,"column":2},"end":{"line":9,"column":3}},"2":{"start":{"line":6,"column":4},"end":{"line":8,"column":6}},"3":{"start":{"line":10,"column":2},"end":{"line":10,"column":14}}},"fnMap":{"0":{"name":"(anonymous_0)","decl":{"start":{"line":3,"column":23},"end":{"line":3,"column":24}},"loc":{"start":{"line":3,"column":34},"end":{"line":11,"column":1}},"line":3}},"branchMap":{"0":{"loc":{"start":{"line":5,"column":2},"end":{"line":9,"column":3}},"type":"if","locations":[{"start":{"line":5,"column":2},"end":{"line":9,"column":3}},{"start":{"line":5,"column":2},"end":{"line":9,"column":3}}],"line":5}},"s":{"0":1,"1":4,"2":4,"3":0},"f":{"0":4},"b":{"0":[4,0]},"_coverageSchema":"1a1c01bbd47fc00a2c39e90264f33305004495a9","hash":"2f6978dc92de33abcc464c3bbf7b70510c434b8c"}
,"/Users/alizehrehman/Documents/RPP28/project-atelier/client/product_details/DefaultView.jsx": {"path":"/Users/alizehrehman/Documents/RPP28/project-atelier/client/product_details/DefaultView.jsx","statementMap":{"0":{"start":{"line":3,"column":20},"end":{"line":33,"column":1}},"1":{"start":{"line":5,"column":2},"end":{"line":31,"column":3}},"2":{"start":{"line":6,"column":23},"end":{"line":6,"column":49}},"3":{"start":{"line":7,"column":4},"end":{"line":30,"column":6}},"4":{"start":{"line":32,"column":2},"end":{"line":32,"column":14}}},"fnMap":{"0":{"name":"(anonymous_0)","decl":{"start":{"line":3,"column":20},"end":{"line":3,"column":21}},"loc":{"start":{"line":3,"column":31},"end":{"line":33,"column":1}},"line":3}},"branchMap":{"0":{"loc":{"start":{"line":5,"column":2},"end":{"line":31,"column":3}},"type":"if","locations":[{"start":{"line":5,"column":2},"end":{"line":31,"column":3}},{"start":{"line":5,"column":2},"end":{"line":31,"column":3}}],"line":5},"1":{"loc":{"start":{"line":11,"column":17},"end":{"line":11,"column":137}},"type":"binary-expr","locations":[{"start":{"line":11,"column":17},"end":{"line":11,"column":55}},{"start":{"line":11,"column":59},"end":{"line":11,"column":137}}],"line":11},"2":{"loc":{"start":{"line":18,"column":11},"end":{"line":22,"column":23}},"type":"cond-expr","locations":[{"start":{"line":19,"column":12},"end":{"line":22,"column":16}},{"start":{"line":22,"column":19},"end":{"line":22,"column":23}}],"line":18},"3":{"loc":{"start":{"line":23,"column":11},"end":{"line":27,"column":23}},"type":"cond-expr","locations":[{"start":{"line":24,"column":12},"end":{"line":27,"column":16}},{"start":{"line":27,"column":19},"end":{"line":27,"column":23}}],"line":23}},"s":{"0":1,"1":5,"2":4,"3":4,"4":0},"f":{"0":5},"b":{"0":[4,0],"1":[4,2],"2":[0,4],"3":[2,2]},"_coverageSchema":"1a1c01bbd47fc00a2c39e90264f33305004495a9","hash":"7f87a2bcf3198187c6abefef7255fded1a410a14"}
,"/Users/alizehrehman/Documents/RPP28/project-atelier/client/product_details/ExpandedView.jsx": {"path":"/Users/alizehrehman/Documents/RPP28/project-atelier/client/product_details/ExpandedView.jsx","statementMap":{"0":{"start":{"line":5,"column":4},"end":{"line":5,"column":17}},"1":{"start":{"line":7,"column":4},"end":{"line":9,"column":6}},"2":{"start":{"line":11,"column":4},"end":{"line":11,"column":57}},"3":{"start":{"line":12,"column":4},"end":{"line":12,"column":59}},"4":{"start":{"line":16,"column":18},"end":{"line":16,"column":57}},"5":{"start":{"line":17,"column":4},"end":{"line":17,"column":64}},"6":{"start":{"line":21,"column":18},"end":{"line":21,"column":57}},"7":{"start":{"line":22,"column":4},"end":{"line":22,"column":67}},"8":{"start":{"line":26,"column":4},"end":{"line":28,"column":7}},"9":{"start":{"line":32,"column":18},"end":{"line":32,"column":57}},"10":{"start":{"line":33,"column":19},"end":{"line":33,"column":58}},"11":{"start":{"line":34,"column":19},"end":{"line":34,"column":59}},"12":{"start":{"line":35,"column":4},"end":{"line":35,"column":55}},"13":{"start":{"line":36,"column":4},"end":{"line":36,"column":55}},"14":{"start":{"line":40,"column":4},"end":{"line":77,"column":5}},"15":{"start":{"line":41,"column":25},"end":{"line":41,"column":56}},"16":{"start":{"line":42,"column":6},"end":{"line":65,"column":8}},"17":{"start":{"line":66,"column":11},"end":{"line":77,"column":5}},"18":{"start":{"line":67,"column":25},"end":{"line":67,"column":56}},"19":{"start":{"line":68,"column":6},"end":{"line":76,"column":8}},"20":{"start":{"line":78,"column":4},"end":{"line":78,"column":16}}},"fnMap":{"0":{"name":"(anonymous_0)","decl":{"start":{"line":4,"column":2},"end":{"line":4,"column":3}},"loc":{"start":{"line":4,"column":21},"end":{"line":13,"column":3}},"line":4},"1":{"name":"(anonymous_1)","decl":{"start":{"line":15,"column":2},"end":{"line":15,"column":3}},"loc":{"start":{"line":15,"column":22},"end":{"line":18,"column":3}},"line":15},"2":{"name":"(anonymous_2)","decl":{"start":{"line":20,"column":2},"end":{"line":20,"column":3}},"loc":{"start":{"line":20,"column":25},"end":{"line":23,"column":3}},"line":20},"3":{"name":"(anonymous_3)","decl":{"start":{"line":25,"column":2},"end":{"line":25,"column":3}},"loc":{"start":{"line":25,"column":19},"end":{"line":29,"column":3}},"line":25},"4":{"name":"(anonymous_4)","decl":{"start":{"line":31,"column":2},"end":{"line":31,"column":3}},"loc":{"start":{"line":31,"column":21},"end":{"line":37,"column":3}},"line":31},"5":{"name":"(anonymous_5)","decl":{"start":{"line":39,"column":2},"end":{"line":39,"column":3}},"loc":{"start":{"line":39,"column":11},"end":{"line":79,"column":3}},"line":39}},"branchMap":{"0":{"loc":{"start":{"line":40,"column":4},"end":{"line":77,"column":5}},"type":"if","locations":[{"start":{"line":40,"column":4},"end":{"line":77,"column":5}},{"start":{"line":40,"column":4},"end":{"line":77,"column":5}}],"line":40},"1":{"loc":{"start":{"line":40,"column":8},"end":{"line":40,"column":56}},"type":"binary-expr","locations":[{"start":{"line":40,"column":8},"end":{"line":40,"column":32}},{"start":{"line":40,"column":36},"end":{"line":40,"column":56}}],"line":40},"2":{"loc":{"start":{"line":49,"column":25},"end":{"line":49,"column":75}},"type":"cond-expr","locations":[{"start":{"line":49,"column":47},"end":{"line":49,"column":59}},{"start":{"line":49,"column":62},"end":{"line":49,"column":75}}],"line":49},"3":{"loc":{"start":{"line":53,"column":13},"end":{"line":57,"column":25}},"type":"cond-expr","locations":[{"start":{"line":54,"column":14},"end":{"line":57,"column":18}},{"start":{"line":57,"column":21},"end":{"line":57,"column":25}}],"line":53},"4":{"loc":{"start":{"line":58,"column":13},"end":{"line":62,"column":25}},"type":"cond-expr","locations":[{"start":{"line":59,"column":14},"end":{"line":62,"column":18}},{"start":{"line":62,"column":21},"end":{"line":62,"column":25}}],"line":58},"5":{"loc":{"start":{"line":66,"column":11},"end":{"line":77,"column":5}},"type":"if","locations":[{"start":{"line":66,"column":11},"end":{"line":77,"column":5}},{"start":{"line":66,"column":11},"end":{"line":77,"column":5}}],"line":66},"6":{"loc":{"start":{"line":71,"column":21},"end":{"line":71,"column":71}},"type":"cond-expr","locations":[{"start":{"line":71,"column":43},"end":{"line":71,"column":55}},{"start":{"line":71,"column":58},"end":{"line":71,"column":71}}],"line":71}},"s":{"0":0,"1":0,"2":0,"3":0,"4":0,"5":0,"6":0,"7":0,"8":0,"9":0,"10":0,"11":0,"12":0,"13":0,"14":0,"15":0,"16":0,"17":0,"18":0,"19":0,"20":0},"f":{"0":0,"1":0,"2":0,"3":0,"4":0,"5":0},"b":{"0":[0,0],"1":[0,0],"2":[0,0],"3":[0,0],"4":[0,0],"5":[0,0],"6":[0,0]},"_coverageSchema":"1a1c01bbd47fc00a2c39e90264f33305004495a9","hash":"e5f093115c4efbe87e755f50f5ff444354b34849"}
,"/Users/alizehrehman/Documents/RPP28/project-atelier/client/product_details/OverviewDescription.jsx": {"path":"/Users/alizehrehman/Documents/RPP28/project-atelier/client/product_details/OverviewDescription.jsx","statementMap":{"0":{"start":{"line":3,"column":28},"end":{"line":16,"column":1}},"1":{"start":{"line":4,"column":2},"end":{"line":15,"column":3}},"2":{"start":{"line":5,"column":4},"end":{"line":10,"column":6}},"3":{"start":{"line":12,"column":4},"end":{"line":14,"column":6}}},"fnMap":{"0":{"name":"(anonymous_0)","decl":{"start":{"line":3,"column":28},"end":{"line":3,"column":29}},"loc":{"start":{"line":3,"column":39},"end":{"line":16,"column":1}},"line":3}},"branchMap":{"0":{"loc":{"start":{"line":4,"column":2},"end":{"line":15,"column":3}},"type":"if","locations":[{"start":{"line":4,"column":2},"end":{"line":15,"column":3}},{"start":{"line":4,"column":2},"end":{"line":15,"column":3}}],"line":4},"1":{"loc":{"start":{"line":4,"column":6},"end":{"line":4,"column":37}},"type":"binary-expr","locations":[{"start":{"line":4,"column":6},"end":{"line":4,"column":16}},{"start":{"line":4,"column":20},"end":{"line":4,"column":37}}],"line":4}},"s":{"0":1,"1":4,"2":4,"3":0},"f":{"0":4},"b":{"0":[4,0],"1":[4,4]},"_coverageSchema":"1a1c01bbd47fc00a2c39e90264f33305004495a9","hash":"96801ffb5376940facc2f021ec06263f7d0603f2"}
,"/Users/alizehrehman/Documents/RPP28/project-atelier/client/product_details/OverviewFeatures.jsx": {"path":"/Users/alizehrehman/Documents/RPP28/project-atelier/client/product_details/OverviewFeatures.jsx","statementMap":{"0":{"start":{"line":3,"column":25},"end":{"line":19,"column":1}},"1":{"start":{"line":4,"column":2},"end":{"line":18,"column":3}},"2":{"start":{"line":5,"column":4},"end":{"line":13,"column":6}},"3":{"start":{"line":8,"column":10},"end":{"line":10,"column":12}},"4":{"start":{"line":15,"column":4},"end":{"line":17,"column":6}}},"fnMap":{"0":{"name":"(anonymous_0)","decl":{"start":{"line":3,"column":25},"end":{"line":3,"column":26}},"loc":{"start":{"line":3,"column":36},"end":{"line":19,"column":1}},"line":3},"1":{"name":"(anonymous_1)","decl":{"start":{"line":7,"column":33},"end":{"line":7,"column":34}},"loc":{"start":{"line":7,"column":46},"end":{"line":11,"column":9}},"line":7}},"branchMap":{"0":{"loc":{"start":{"line":4,"column":2},"end":{"line":18,"column":3}},"type":"if","locations":[{"start":{"line":4,"column":2},"end":{"line":18,"column":3}},{"start":{"line":4,"column":2},"end":{"line":18,"column":3}}],"line":4},"1":{"loc":{"start":{"line":4,"column":6},"end":{"line":4,"column":39}},"type":"binary-expr","locations":[{"start":{"line":4,"column":6},"end":{"line":4,"column":16}},{"start":{"line":4,"column":20},"end":{"line":4,"column":39}}],"line":4}},"s":{"0":1,"1":6,"2":5,"3":15,"4":0},"f":{"0":6,"1":15},"b":{"0":[5,0],"1":[6,5]},"_coverageSchema":"1a1c01bbd47fc00a2c39e90264f33305004495a9","hash":"b7425dff03e853f6cc18c62c7b53e95e7ded3015"}
,"/Users/alizehrehman/Documents/RPP28/project-atelier/client/product_details/ProductDetails.jsx": {"path":"/Users/alizehrehman/Documents/RPP28/project-atelier/client/product_details/ProductDetails.jsx","statementMap":{"0":{"start":{"line":15,"column":4},"end":{"line":15,"column":17}},"1":{"start":{"line":17,"column":4},"end":{"line":20,"column":6}},"2":{"start":{"line":22,"column":4},"end":{"line":22,"column":69}},"3":{"start":{"line":23,"column":4},"end":{"line":23,"column":59}},"4":{"start":{"line":24,"column":4},"end":{"line":24,"column":61}},"5":{"start":{"line":25,"column":4},"end":{"line":25,"column":49}},"6":{"start":{"line":29,"column":4},"end":{"line":37,"column":5}},"7":{"start":{"line":30,"column":6},"end":{"line":32,"column":9}},"8":{"start":{"line":34,"column":6},"end":{"line":36,"column":9}},"9":{"start":{"line":41,"column":16},"end":{"line":41,"column":27}},"10":{"start":{"line":42,"column":4},"end":{"line":42,"column":26}},"11":{"start":{"line":43,"column":4},"end":{"line":45,"column":7}},"12":{"start":{"line":49,"column":4},"end":{"line":49,"column":23}},"13":{"start":{"line":50,"column":22},"end":{"line":50,"column":60}},"14":{"start":{"line":51,"column":19},"end":{"line":51,"column":100}},"15":{"start":{"line":52,"column":4},"end":{"line":54,"column":7}},"16":{"start":{"line":58,"column":4},"end":{"line":58,"column":23}},"17":{"start":{"line":59,"column":22},"end":{"line":59,"column":60}},"18":{"start":{"line":60,"column":19},"end":{"line":60,"column":100}},"19":{"start":{"line":61,"column":4},"end":{"line":63,"column":7}},"20":{"start":{"line":68,"column":25},"end":{"line":68,"column":27}},"21":{"start":{"line":69,"column":4},"end":{"line":74,"column":5}},"22":{"start":{"line":70,"column":17},"end":{"line":70,"column":46}},"23":{"start":{"line":71,"column":6},"end":{"line":73,"column":7}},"24":{"start":{"line":72,"column":8},"end":{"line":72,"column":77}},"25":{"start":{"line":76,"column":4},"end":{"line":129,"column":6}}},"fnMap":{"0":{"name":"(anonymous_0)","decl":{"start":{"line":14,"column":2},"end":{"line":14,"column":3}},"loc":{"start":{"line":14,"column":21},"end":{"line":26,"column":3}},"line":14},"1":{"name":"(anonymous_1)","decl":{"start":{"line":28,"column":2},"end":{"line":28,"column":3}},"loc":{"start":{"line":28,"column":15},"end":{"line":38,"column":3}},"line":28},"2":{"name":"(anonymous_2)","decl":{"start":{"line":40,"column":2},"end":{"line":40,"column":3}},"loc":{"start":{"line":40,"column":26},"end":{"line":46,"column":3}},"line":40},"3":{"name":"(anonymous_3)","decl":{"start":{"line":48,"column":2},"end":{"line":48,"column":3}},"loc":{"start":{"line":48,"column":21},"end":{"line":55,"column":3}},"line":48},"4":{"name":"(anonymous_4)","decl":{"start":{"line":57,"column":2},"end":{"line":57,"column":3}},"loc":{"start":{"line":57,"column":22},"end":{"line":64,"column":3}},"line":57},"5":{"name":"(anonymous_5)","decl":{"start":{"line":66,"column":2},"end":{"line":66,"column":3}},"loc":{"start":{"line":66,"column":11},"end":{"line":130,"column":3}},"line":66}},"branchMap":{"0":{"loc":{"start":{"line":29,"column":4},"end":{"line":37,"column":5}},"type":"if","locations":[{"start":{"line":29,"column":4},"end":{"line":37,"column":5}},{"start":{"line":29,"column":4},"end":{"line":37,"column":5}}],"line":29},"1":{"loc":{"start":{"line":51,"column":19},"end":{"line":51,"column":100}},"type":"cond-expr","locations":[{"start":{"line":51,"column":53},"end":{"line":51,"column":68}},{"start":{"line":51,"column":71},"end":{"line":51,"column":100}}],"line":51},"2":{"loc":{"start":{"line":60,"column":19},"end":{"line":60,"column":100}},"type":"cond-expr","locations":[{"start":{"line":60,"column":67},"end":{"line":60,"column":68}},{"start":{"line":60,"column":71},"end":{"line":60,"column":100}}],"line":60},"3":{"loc":{"start":{"line":69,"column":4},"end":{"line":74,"column":5}},"type":"if","locations":[{"start":{"line":69,"column":4},"end":{"line":74,"column":5}},{"start":{"line":69,"column":4},"end":{"line":74,"column":5}}],"line":69},"4":{"loc":{"start":{"line":78,"column":9},"end":{"line":122,"column":16}},"type":"cond-expr","locations":[{"start":{"line":79,"column":10},"end":{"line":107,"column":16}},{"start":{"line":108,"column":10},"end":{"line":122,"column":16}}],"line":78}},"s":{"0":5,"1":4,"2":4,"3":4,"4":4,"5":4,"6":0,"7":0,"8":0,"9":0,"10":0,"11":0,"12":0,"13":0,"14":0,"15":0,"16":0,"17":0,"18":0,"19":0,"20":4,"21":4,"22":4,"23":4,"24":19,"25":4},"f":{"0":5,"1":0,"2":0,"3":0,"4":0,"5":4},"b":{"0":[0,0],"1":[0,0],"2":[0,0],"3":[4,0],"4":[4,0]},"_coverageSchema":"1a1c01bbd47fc00a2c39e90264f33305004495a9","hash":"db9dc4f432ac972e5252a53a6a22e82366692f97"}
,"/Users/alizehrehman/Documents/RPP28/project-atelier/client/product_details/ProductInfo.jsx": {"path":"/Users/alizehrehman/Documents/RPP28/project-atelier/client/product_details/ProductInfo.jsx","statementMap":{"0":{"start":{"line":3,"column":20},"end":{"line":18,"column":1}},"1":{"start":{"line":4,"column":2},"end":{"line":17,"column":3}},"2":{"start":{"line":5,"column":4},"end":{"line":12,"column":6}},"3":{"start":{"line":14,"column":4},"end":{"line":16,"column":5}}},"fnMap":{"0":{"name":"(anonymous_0)","decl":{"start":{"line":3,"column":20},"end":{"line":3,"column":21}},"loc":{"start":{"line":3,"column":31},"end":{"line":18,"column":1}},"line":3}},"branchMap":{"0":{"loc":{"start":{"line":4,"column":2},"end":{"line":17,"column":3}},"type":"if","locations":[{"start":{"line":4,"column":2},"end":{"line":17,"column":3}},{"start":{"line":4,"column":2},"end":{"line":17,"column":3}}],"line":4},"1":{"loc":{"start":{"line":4,"column":6},"end":{"line":4,"column":39}},"type":"binary-expr","locations":[{"start":{"line":4,"column":6},"end":{"line":4,"column":16}},{"start":{"line":4,"column":20},"end":{"line":4,"column":39}}],"line":4}},"s":{"0":1,"1":4,"2":4,"3":0},"f":{"0":4},"b":{"0":[4,0],"1":[4,4]},"_coverageSchema":"1a1c01bbd47fc00a2c39e90264f33305004495a9","hash":"4cca1d395f18629700c7bcfdf22cc530b65c9013"}
,"/Users/alizehrehman/Documents/RPP28/project-atelier/client/product_details/ShareToSocialMedia.jsx": {"path":"/Users/alizehrehman/Documents/RPP28/project-atelier/client/product_details/ShareToSocialMedia.jsx","statementMap":{"0":{"start":{"line":5,"column":4},"end":{"line":5,"column":17}},"1":{"start":{"line":6,"column":4},"end":{"line":7,"column":6}},"2":{"start":{"line":11,"column":4},"end":{"line":13,"column":6}}},"fnMap":{"0":{"name":"(anonymous_0)","decl":{"start":{"line":4,"column":2},"end":{"line":4,"column":3}},"loc":{"start":{"line":4,"column":21},"end":{"line":8,"column":3}},"line":4},"1":{"name":"(anonymous_1)","decl":{"start":{"line":10,"column":2},"end":{"line":10,"column":3}},"loc":{"start":{"line":10,"column":11},"end":{"line":14,"column":3}},"line":10}},"branchMap":{},"s":{"0":4,"1":4,"2":4},"f":{"0":4,"1":4},"b":{},"_coverageSchema":"1a1c01bbd47fc00a2c39e90264f33305004495a9","hash":"a70ce556926ae34f101288c0d8507ac1be05c723"}
,"/Users/alizehrehman/Documents/RPP28/project-atelier/client/product_details/StarRating.jsx": {"path":"/Users/alizehrehman/Documents/RPP28/project-atelier/client/product_details/StarRating.jsx","statementMap":{"0":{"start":{"line":5,"column":4},"end":{"line":5,"column":17}},"1":{"start":{"line":6,"column":4},"end":{"line":7,"column":6}},"2":{"start":{"line":11,"column":4},"end":{"line":13,"column":6}}},"fnMap":{"0":{"name":"(anonymous_0)","decl":{"start":{"line":4,"column":2},"end":{"line":4,"column":3}},"loc":{"start":{"line":4,"column":21},"end":{"line":8,"column":3}},"line":4},"1":{"name":"(anonymous_1)","decl":{"start":{"line":10,"column":2},"end":{"line":10,"column":3}},"loc":{"start":{"line":10,"column":11},"end":{"line":14,"column":3}},"line":10}},"branchMap":{},"s":{"0":4,"1":4,"2":4},"f":{"0":4,"1":4},"b":{},"_coverageSchema":"1a1c01bbd47fc00a2c39e90264f33305004495a9","hash":"ae6469e345c95205fceeb3e6ca3a964fe0dc8864"}
,"/Users/alizehrehman/Documents/RPP28/project-atelier/client/product_details/StyleCheckThumbnail.jsx": {"path":"/Users/alizehrehman/Documents/RPP28/project-atelier/client/product_details/StyleCheckThumbnail.jsx","statementMap":{"0":{"start":{"line":3,"column":26},"end":{"line":10,"column":1}},"1":{"start":{"line":4,"column":2},"end":{"line":9,"column":4}}},"fnMap":{"0":{"name":"(anonymous_0)","decl":{"start":{"line":3,"column":26},"end":{"line":3,"column":27}},"loc":{"start":{"line":3,"column":37},"end":{"line":10,"column":1}},"line":3}},"branchMap":{"0":{"loc":{"start":{"line":6,"column":16},"end":{"line":6,"column":133}},"type":"binary-expr","locations":[{"start":{"line":6,"column":16},"end":{"line":6,"column":51}},{"start":{"line":6,"column":55},"end":{"line":6,"column":133}}],"line":6}},"s":{"0":1,"1":0},"f":{"0":0},"b":{"0":[0,0]},"_coverageSchema":"1a1c01bbd47fc00a2c39e90264f33305004495a9","hash":"ebc6433e65a3c168733c9d387b876ae5aa17f645"}
,"/Users/alizehrehman/Documents/RPP28/project-atelier/client/product_details/StyleSelector.jsx": {"path":"/Users/alizehrehman/Documents/RPP28/project-atelier/client/product_details/StyleSelector.jsx","statementMap":{"0":{"start":{"line":5,"column":22},"end":{"line":26,"column":1}},"1":{"start":{"line":7,"column":2},"end":{"line":22,"column":3}},"2":{"start":{"line":9,"column":12},"end":{"line":9,"column":13}},"3":{"start":{"line":11,"column":4},"end":{"line":21,"column":6}},"4":{"start":{"line":15,"column":10},"end":{"line":18,"column":11}},"5":{"start":{"line":16,"column":12},"end":{"line":16,"column":22}},"6":{"start":{"line":17,"column":12},"end":{"line":17,"column":105}},"7":{"start":{"line":23,"column":2},"end":{"line":25,"column":4}}},"fnMap":{"0":{"name":"(anonymous_0)","decl":{"start":{"line":5,"column":22},"end":{"line":5,"column":23}},"loc":{"start":{"line":5,"column":33},"end":{"line":26,"column":1}},"line":5},"1":{"name":"(anonymous_1)","decl":{"start":{"line":14,"column":29},"end":{"line":14,"column":30}},"loc":{"start":{"line":14,"column":47},"end":{"line":19,"column":9}},"line":14}},"branchMap":{"0":{"loc":{"start":{"line":7,"column":2},"end":{"line":22,"column":3}},"type":"if","locations":[{"start":{"line":7,"column":2},"end":{"line":22,"column":3}},{"start":{"line":7,"column":2},"end":{"line":22,"column":3}}],"line":7},"1":{"loc":{"start":{"line":15,"column":10},"end":{"line":18,"column":11}},"type":"if","locations":[{"start":{"line":15,"column":10},"end":{"line":18,"column":11}},{"start":{"line":15,"column":10},"end":{"line":18,"column":11}}],"line":15}},"s":{"0":1,"1":4,"2":0,"3":0,"4":0,"5":0,"6":0,"7":4},"f":{"0":4,"1":0},"b":{"0":[0,4],"1":[0,0]},"_coverageSchema":"1a1c01bbd47fc00a2c39e90264f33305004495a9","hash":"7f1fa857d4ba51e7372c258aba5e2a085027bfa7"}
,"/Users/alizehrehman/Documents/RPP28/project-atelier/client/product_details/StyleThumbnail.jsx": {"path":"/Users/alizehrehman/Documents/RPP28/project-atelier/client/product_details/StyleThumbnail.jsx","statementMap":{"0":{"start":{"line":3,"column":21},"end":{"line":17,"column":1}},"1":{"start":{"line":4,"column":2},"end":{"line":11,"column":3}},"2":{"start":{"line":5,"column":4},"end":{"line":10,"column":6}},"3":{"start":{"line":12,"column":2},"end":{"line":16,"column":4}}},"fnMap":{"0":{"name":"(anonymous_0)","decl":{"start":{"line":3,"column":21},"end":{"line":3,"column":22}},"loc":{"start":{"line":3,"column":32},"end":{"line":17,"column":1}},"line":3}},"branchMap":{"0":{"loc":{"start":{"line":4,"column":2},"end":{"line":11,"column":3}},"type":"if","locations":[{"start":{"line":4,"column":2},"end":{"line":11,"column":3}},{"start":{"line":4,"column":2},"end":{"line":11,"column":3}}],"line":4},"1":{"loc":{"start":{"line":7,"column":18},"end":{"line":7,"column":135}},"type":"binary-expr","locations":[{"start":{"line":7,"column":18},"end":{"line":7,"column":53}},{"start":{"line":7,"column":57},"end":{"line":7,"column":135}}],"line":7},"2":{"loc":{"start":{"line":14,"column":16},"end":{"line":14,"column":133}},"type":"binary-expr","locations":[{"start":{"line":14,"column":16},"end":{"line":14,"column":51}},{"start":{"line":14,"column":55},"end":{"line":14,"column":133}}],"line":14}},"s":{"0":1,"1":0,"2":0,"3":0},"f":{"0":0},"b":{"0":[0,0],"1":[0,0],"2":[0,0]},"_coverageSchema":"1a1c01bbd47fc00a2c39e90264f33305004495a9","hash":"a50531c83ed31dcbe187563e801afe3a26a58498"}
,"/Users/alizehrehman/Documents/RPP28/project-atelier/client/product_details/Thumbnail.jsx": {"path":"/Users/alizehrehman/Documents/RPP28/project-atelier/client/product_details/Thumbnail.jsx","statementMap":{"0":{"start":{"line":3,"column":18},"end":{"line":28,"column":1}},"1":{"start":{"line":4,"column":2},"end":{"line":15,"column":3}},"2":{"start":{"line":5,"column":4},"end":{"line":14,"column":6}},"3":{"start":{"line":16,"column":2},"end":{"line":26,"column":4}}},"fnMap":{"0":{"name":"(anonymous_0)","decl":{"start":{"line":3,"column":18},"end":{"line":3,"column":19}},"loc":{"start":{"line":3,"column":29},"end":{"line":28,"column":1}},"line":3}},"branchMap":{"0":{"loc":{"start":{"line":4,"column":2},"end":{"line":15,"column":3}},"type":"if","locations":[{"start":{"line":4,"column":2},"end":{"line":15,"column":3}},{"start":{"line":4,"column":2},"end":{"line":15,"column":3}}],"line":4},"1":{"loc":{"start":{"line":8,"column":15},"end":{"line":8,"column":122}},"type":"binary-expr","locations":[{"start":{"line":8,"column":15},"end":{"line":8,"column":40}},{"start":{"line":8,"column":44},"end":{"line":8,"column":122}}],"line":8},"2":{"loc":{"start":{"line":19,"column":13},"end":{"line":19,"column":120}},"type":"binary-expr","locations":[{"start":{"line":19,"column":13},"end":{"line":19,"column":38}},{"start":{"line":19,"column":42},"end":{"line":19,"column":120}}],"line":19}},"s":{"0":1,"1":19,"2":7,"3":11},"f":{"0":19},"b":{"0":[7,11],"1":[7,4],"2":[11,0]},"_coverageSchema":"1a1c01bbd47fc00a2c39e90264f33305004495a9","hash":"56016b611d5601b47e134cef5f3c19808dc5d0f8"}
,"/Users/alizehrehman/Documents/RPP28/project-atelier/client/product_details/ThumbnailList.jsx": {"path":"/Users/alizehrehman/Documents/RPP28/project-atelier/client/product_details/ThumbnailList.jsx","statementMap":{"0":{"start":{"line":6,"column":4},"end":{"line":6,"column":17}},"1":{"start":{"line":8,"column":4},"end":{"line":11,"column":6}},"2":{"start":{"line":13,"column":4},"end":{"line":13,"column":57}},"3":{"start":{"line":14,"column":4},"end":{"line":14,"column":61}},"4":{"start":{"line":22,"column":19},"end":{"line":23,"column":83}},"5":{"start":{"line":24,"column":4},"end":{"line":26,"column":7}},"6":{"start":{"line":30,"column":19},"end":{"line":31,"column":40}},"7":{"start":{"line":32,"column":4},"end":{"line":34,"column":7}},"8":{"start":{"line":38,"column":4},"end":{"line":75,"column":5}},"9":{"start":{"line":39,"column":19},"end":{"line":39,"column":116}},"10":{"start":{"line":40,"column":6},"end":{"line":43,"column":7}},"11":{"start":{"line":41,"column":24},"end":{"line":41,"column":85}},"12":{"start":{"line":42,"column":8},"end":{"line":42,"column":42}},"13":{"start":{"line":45,"column":6},"end":{"line":74,"column":8}},"14":{"start":{"line":53,"column":28},"end":{"line":53,"column":33}},"15":{"start":{"line":54,"column":12},"end":{"line":58,"column":13}},"16":{"start":{"line":55,"column":31},"end":{"line":55,"column":110}},"17":{"start":{"line":57,"column":31},"end":{"line":57,"column":69}},"18":{"start":{"line":59,"column":12},"end":{"line":67,"column":14}},"19":{"start":{"line":76,"column":4},"end":{"line":76,"column":16}}},"fnMap":{"0":{"name":"(anonymous_0)","decl":{"start":{"line":5,"column":2},"end":{"line":5,"column":3}},"loc":{"start":{"line":5,"column":21},"end":{"line":15,"column":3}},"line":5},"1":{"name":"(anonymous_1)","decl":{"start":{"line":17,"column":2},"end":{"line":17,"column":3}},"loc":{"start":{"line":17,"column":22},"end":{"line":19,"column":3}},"line":17},"2":{"name":"(anonymous_2)","decl":{"start":{"line":21,"column":2},"end":{"line":21,"column":3}},"loc":{"start":{"line":21,"column":19},"end":{"line":27,"column":3}},"line":21},"3":{"name":"(anonymous_3)","decl":{"start":{"line":29,"column":2},"end":{"line":29,"column":3}},"loc":{"start":{"line":29,"column":21},"end":{"line":35,"column":3}},"line":29},"4":{"name":"(anonymous_4)","decl":{"start":{"line":37,"column":2},"end":{"line":37,"column":3}},"loc":{"start":{"line":37,"column":11},"end":{"line":77,"column":3}},"line":37},"5":{"name":"(anonymous_5)","decl":{"start":{"line":52,"column":22},"end":{"line":52,"column":23}},"loc":{"start":{"line":52,"column":40},"end":{"line":68,"column":11}},"line":52}},"branchMap":{"0":{"loc":{"start":{"line":22,"column":19},"end":{"line":23,"column":83}},"type":"cond-expr","locations":[{"start":{"line":23,"column":7},"end":{"line":23,"column":49}},{"start":{"line":23,"column":53},"end":{"line":23,"column":83}}],"line":22},"1":{"loc":{"start":{"line":30,"column":19},"end":{"line":31,"column":40}},"type":"cond-expr","locations":[{"start":{"line":31,"column":6},"end":{"line":31,"column":7}},{"start":{"line":31,"column":10},"end":{"line":31,"column":40}}],"line":30},"2":{"loc":{"start":{"line":38,"column":4},"end":{"line":75,"column":5}},"type":"if","locations":[{"start":{"line":38,"column":4},"end":{"line":75,"column":5}},{"start":{"line":38,"column":4},"end":{"line":75,"column":5}}],"line":38},"3":{"loc":{"start":{"line":40,"column":6},"end":{"line":43,"column":7}},"type":"if","locations":[{"start":{"line":40,"column":6},"end":{"line":43,"column":7}},{"start":{"line":40,"column":6},"end":{"line":43,"column":7}}],"line":40},"4":{"loc":{"start":{"line":47,"column":11},"end":{"line":50,"column":23}},"type":"cond-expr","locations":[{"start":{"line":48,"column":12},"end":{"line":50,"column":16}},{"start":{"line":50,"column":19},"end":{"line":50,"column":23}}],"line":47},"5":{"loc":{"start":{"line":54,"column":12},"end":{"line":58,"column":13}},"type":"if","locations":[{"start":{"line":54,"column":12},"end":{"line":58,"column":13}},{"start":{"line":54,"column":12},"end":{"line":58,"column":13}}],"line":54},"6":{"loc":{"start":{"line":69,"column":11},"end":{"line":72,"column":23}},"type":"cond-expr","locations":[{"start":{"line":70,"column":12},"end":{"line":72,"column":16}},{"start":{"line":72,"column":19},"end":{"line":72,"column":23}}],"line":69}},"s":{"0":5,"1":4,"2":4,"3":4,"4":0,"5":0,"6":0,"7":0,"8":4,"9":4,"10":4,"11":3,"12":3,"13":4,"14":18,"15":18,"16":3,"17":15,"18":18,"19":0},"f":{"0":5,"1":4,"2":0,"3":0,"4":4,"5":18},"b":{"0":[0,0],"1":[0,0],"2":[4,0],"3":[3,1],"4":[1,3],"5":[3,15],"6":[1,3]},"_coverageSchema":"1a1c01bbd47fc00a2c39e90264f33305004495a9","hash":"89874646a0d58f4988cde69fe4f3e22402263a6c"}
,"/Users/alizehrehman/Documents/RPP28/project-atelier/client/product_details/Testing/dummyData.js": {"path":"/Users/alizehrehman/Documents/RPP28/project-atelier/client/product_details/Testing/dummyData.js","statementMap":{"0":{"start":{"line":1,"column":0},"end":{"line":57,"column":2}},"1":{"start":{"line":59,"column":0},"end":{"line":79,"column":2}},"2":{"start":{"line":81,"column":0},"end":{"line":439,"column":2}},"3":{"start":{"line":441,"column":0},"end":{"line":465,"column":2}},"4":{"start":{"line":467,"column":0},"end":{"line":547,"column":2}},"5":{"start":{"line":549,"column":0},"end":{"line":569,"column":2}},"6":{"start":{"line":571,"column":0},"end":{"line":929,"column":2}},"7":{"start":{"line":931,"column":0},"end":{"line":951,"column":2}},"8":{"start":{"line":953,"column":0},"end":{"line":1488,"column":2}},"9":{"start":{"line":1490,"column":0},"end":{"line":1518,"column":2}},"10":{"start":{"line":1520,"column":0},"end":{"line":1920,"column":2}}},"fnMap":{},"branchMap":{},"s":{"0":1,"1":1,"2":1,"3":1,"4":1,"5":1,"6":1,"7":1,"8":1,"9":1,"10":1},"f":{},"b":{},"_coverageSchema":"1a1c01bbd47fc00a2c39e90264f33305004495a9","hash":"34186c8b188913607bbb907cdded2a3bb08741ff"}
,"/Users/alizehrehman/Documents/RPP28/project-atelier/client/questions_answers/QuestionsAnswers.jsx": {"path":"/Users/alizehrehman/Documents/RPP28/project-atelier/client/questions_answers/QuestionsAnswers.jsx","statementMap":{"0":{"start":{"line":11,"column":4},"end":{"line":11,"column":17}},"1":{"start":{"line":13,"column":4},"end":{"line":22,"column":6}},"2":{"start":{"line":24,"column":4},"end":{"line":24,"column":77}},"3":{"start":{"line":25,"column":4},"end":{"line":25,"column":53}},"4":{"start":{"line":26,"column":4},"end":{"line":26,"column":73}},"5":{"start":{"line":27,"column":4},"end":{"line":27,"column":69}},"6":{"start":{"line":28,"column":4},"end":{"line":28,"column":65}},"7":{"start":{"line":34,"column":4},"end":{"line":36,"column":5}},"8":{"start":{"line":35,"column":6},"end":{"line":35,"column":67}},"9":{"start":{"line":38,"column":4},"end":{"line":40,"column":5}},"10":{"start":{"line":39,"column":6},"end":{"line":39,"column":65}},"11":{"start":{"line":41,"column":4},"end":{"line":41,"column":22}},"12":{"start":{"line":45,"column":4},"end":{"line":47,"column":5}},"13":{"start":{"line":46,"column":6},"end":{"line":46,"column":24}},"14":{"start":{"line":52,"column":4},"end":{"line":77,"column":9}},"15":{"start":{"line":54,"column":24},"end":{"line":54,"column":36}},"16":{"start":{"line":55,"column":8},"end":{"line":73,"column":9}},"17":{"start":{"line":56,"column":10},"end":{"line":59,"column":13}},"18":{"start":{"line":60,"column":15},"end":{"line":73,"column":9}},"19":{"start":{"line":61,"column":10},"end":{"line":65,"column":13}},"20":{"start":{"line":67,"column":10},"end":{"line":72,"column":13}},"21":{"start":{"line":76,"column":8},"end":{"line":76,"column":25}},"22":{"start":{"line":82,"column":4},"end":{"line":84,"column":7}},"23":{"start":{"line":89,"column":35},"end":{"line":89,"column":76}},"24":{"start":{"line":90,"column":29},"end":{"line":90,"column":67}},"25":{"start":{"line":91,"column":4},"end":{"line":95,"column":7}},"26":{"start":{"line":101,"column":16},"end":{"line":101,"column":30}},"27":{"start":{"line":102,"column":4},"end":{"line":115,"column":5}},"28":{"start":{"line":103,"column":6},"end":{"line":107,"column":9}},"29":{"start":{"line":109,"column":26},"end":{"line":109,"column":115}},"30":{"start":{"line":109,"column":76},"end":{"line":109,"column":114}},"31":{"start":{"line":110,"column":6},"end":{"line":114,"column":9}},"32":{"start":{"line":120,"column":4},"end":{"line":122,"column":7}},"33":{"start":{"line":127,"column":4},"end":{"line":127,"column":23}},"34":{"start":{"line":129,"column":21},"end":{"line":129,"column":44}},"35":{"start":{"line":130,"column":21},"end":{"line":130,"column":44}},"36":{"start":{"line":131,"column":18},"end":{"line":131,"column":38}},"37":{"start":{"line":133,"column":20},"end":{"line":133,"column":65}},"38":{"start":{"line":135,"column":4},"end":{"line":138,"column":5}},"39":{"start":{"line":136,"column":6},"end":{"line":136,"column":21}},"40":{"start":{"line":137,"column":6},"end":{"line":137,"column":13}},"41":{"start":{"line":140,"column":4},"end":{"line":146,"column":9}},"42":{"start":{"line":142,"column":8},"end":{"line":142,"column":30}},"43":{"start":{"line":145,"column":8},"end":{"line":145,"column":25}},"44":{"start":{"line":148,"column":4},"end":{"line":150,"column":7}},"45":{"start":{"line":156,"column":4},"end":{"line":165,"column":6}}},"fnMap":{"0":{"name":"(anonymous_0)","decl":{"start":{"line":10,"column":2},"end":{"line":10,"column":3}},"loc":{"start":{"line":10,"column":21},"end":{"line":30,"column":3}},"line":10},"1":{"name":"(anonymous_1)","decl":{"start":{"line":32,"column":2},"end":{"line":32,"column":3}},"loc":{"start":{"line":32,"column":22},"end":{"line":42,"column":3}},"line":32},"2":{"name":"(anonymous_2)","decl":{"start":{"line":44,"column":2},"end":{"line":44,"column":3}},"loc":{"start":{"line":44,"column":32},"end":{"line":48,"column":3}},"line":44},"3":{"name":"(anonymous_3)","decl":{"start":{"line":50,"column":2},"end":{"line":50,"column":3}},"loc":{"start":{"line":50,"column":15},"end":{"line":79,"column":3}},"line":50},"4":{"name":"(anonymous_4)","decl":{"start":{"line":53,"column":12},"end":{"line":53,"column":13}},"loc":{"start":{"line":53,"column":22},"end":{"line":74,"column":7}},"line":53},"5":{"name":"(anonymous_5)","decl":{"start":{"line":75,"column":13},"end":{"line":75,"column":14}},"loc":{"start":{"line":75,"column":22},"end":{"line":77,"column":7}},"line":75},"6":{"name":"(anonymous_6)","decl":{"start":{"line":81,"column":2},"end":{"line":81,"column":3}},"loc":{"start":{"line":81,"column":23},"end":{"line":85,"column":3}},"line":81},"7":{"name":"(anonymous_7)","decl":{"start":{"line":87,"column":2},"end":{"line":87,"column":3}},"loc":{"start":{"line":87,"column":29},"end":{"line":97,"column":3}},"line":87},"8":{"name":"(anonymous_8)","decl":{"start":{"line":99,"column":2},"end":{"line":99,"column":3}},"loc":{"start":{"line":99,"column":18},"end":{"line":117,"column":3}},"line":99},"9":{"name":"(anonymous_9)","decl":{"start":{"line":109,"column":62},"end":{"line":109,"column":63}},"loc":{"start":{"line":109,"column":76},"end":{"line":109,"column":114}},"line":109},"10":{"name":"(anonymous_10)","decl":{"start":{"line":119,"column":2},"end":{"line":119,"column":3}},"loc":{"start":{"line":119,"column":27},"end":{"line":123,"column":3}},"line":119},"11":{"name":"(anonymous_11)","decl":{"start":{"line":125,"column":2},"end":{"line":125,"column":3}},"loc":{"start":{"line":125,"column":26},"end":{"line":152,"column":3}},"line":125},"12":{"name":"(anonymous_12)","decl":{"start":{"line":141,"column":12},"end":{"line":141,"column":13}},"loc":{"start":{"line":141,"column":26},"end":{"line":143,"column":7}},"line":141},"13":{"name":"(anonymous_13)","decl":{"start":{"line":144,"column":13},"end":{"line":144,"column":14}},"loc":{"start":{"line":144,"column":22},"end":{"line":146,"column":7}},"line":144},"14":{"name":"(anonymous_14)","decl":{"start":{"line":154,"column":2},"end":{"line":154,"column":3}},"loc":{"start":{"line":154,"column":11},"end":{"line":167,"column":3}},"line":154}},"branchMap":{"0":{"loc":{"start":{"line":34,"column":4},"end":{"line":36,"column":5}},"type":"if","locations":[{"start":{"line":34,"column":4},"end":{"line":36,"column":5}},{"start":{"line":34,"column":4},"end":{"line":36,"column":5}}],"line":34},"1":{"loc":{"start":{"line":38,"column":4},"end":{"line":40,"column":5}},"type":"if","locations":[{"start":{"line":38,"column":4},"end":{"line":40,"column":5}},{"start":{"line":38,"column":4},"end":{"line":40,"column":5}}],"line":38},"2":{"loc":{"start":{"line":45,"column":4},"end":{"line":47,"column":5}},"type":"if","locations":[{"start":{"line":45,"column":4},"end":{"line":47,"column":5}},{"start":{"line":45,"column":4},"end":{"line":47,"column":5}}],"line":45},"3":{"loc":{"start":{"line":55,"column":8},"end":{"line":73,"column":9}},"type":"if","locations":[{"start":{"line":55,"column":8},"end":{"line":73,"column":9}},{"start":{"line":55,"column":8},"end":{"line":73,"column":9}}],"line":55},"4":{"loc":{"start":{"line":60,"column":15},"end":{"line":73,"column":9}},"type":"if","locations":[{"start":{"line":60,"column":15},"end":{"line":73,"column":9}},{"start":{"line":60,"column":15},"end":{"line":73,"column":9}}],"line":60},"5":{"loc":{"start":{"line":94,"column":39},"end":{"line":94,"column":79}},"type":"cond-expr","locations":[{"start":{"line":94,"column":67},"end":{"line":94,"column":71}},{"start":{"line":94,"column":74},"end":{"line":94,"column":79}}],"line":94},"6":{"loc":{"start":{"line":102,"column":4},"end":{"line":115,"column":5}},"type":"if","locations":[{"start":{"line":102,"column":4},"end":{"line":115,"column":5}},{"start":{"line":102,"column":4},"end":{"line":115,"column":5}}],"line":102},"7":{"loc":{"start":{"line":135,"column":4},"end":{"line":138,"column":5}},"type":"if","locations":[{"start":{"line":135,"column":4},"end":{"line":138,"column":5}},{"start":{"line":135,"column":4},"end":{"line":138,"column":5}}],"line":135},"8":{"loc":{"start":{"line":159,"column":9},"end":{"line":159,"column":101}},"type":"binary-expr","locations":[{"start":{"line":159,"column":9},"end":{"line":159,"column":30}},{"start":{"line":159,"column":34},"end":{"line":159,"column":101}}],"line":159},"9":{"loc":{"start":{"line":160,"column":34},"end":{"line":160,"column":90}},"type":"binary-expr","locations":[{"start":{"line":160,"column":34},"end":{"line":160,"column":58}},{"start":{"line":160,"column":62},"end":{"line":160,"column":90}}],"line":160},"10":{"loc":{"start":{"line":161,"column":9},"end":{"line":161,"column":157}},"type":"binary-expr","locations":[{"start":{"line":161,"column":9},"end":{"line":161,"column":51}},{"start":{"line":161,"column":55},"end":{"line":161,"column":157}}],"line":161},"11":{"loc":{"start":{"line":163,"column":9},"end":{"line":163,"column":173}},"type":"binary-expr","locations":[{"start":{"line":163,"column":9},"end":{"line":163,"column":37}},{"start":{"line":163,"column":41},"end":{"line":163,"column":173}}],"line":163}},"s":{"0":1,"1":1,"2":1,"3":1,"4":1,"5":1,"6":1,"7":1,"8":1,"9":1,"10":1,"11":1,"12":0,"13":0,"14":1,"15":0,"16":0,"17":0,"18":0,"19":0,"20":0,"21":0,"22":0,"23":0,"24":0,"25":0,"26":0,"27":0,"28":0,"29":0,"30":0,"31":0,"32":0,"33":0,"34":0,"35":0,"36":0,"37":0,"38":0,"39":0,"40":0,"41":0,"42":0,"43":0,"44":0,"45":1},"f":{"0":1,"1":1,"2":0,"3":1,"4":0,"5":0,"6":0,"7":0,"8":0,"9":0,"10":0,"11":0,"12":0,"13":0,"14":1},"b":{"0":[1,0],"1":[1,0],"2":[0,0],"3":[0,0],"4":[0,0],"5":[0,0],"6":[0,0],"7":[0,0],"8":[1,0],"9":[1,1],"10":[1,0],"11":[1,0]},"_coverageSchema":"1a1c01bbd47fc00a2c39e90264f33305004495a9","hash":"49f1770fd56e5bf5b811677ea5287b7f0bca9223"}
,"/Users/alizehrehman/Documents/RPP28/project-atelier/client/questions_answers/controllers.js": {"path":"/Users/alizehrehman/Documents/RPP28/project-atelier/client/questions_answers/controllers.js","statementMap":{"0":{"start":{"line":3,"column":23},"end":{"line":10,"column":1}},"1":{"start":{"line":5,"column":2},"end":{"line":8,"column":5}},"2":{"start":{"line":12,"column":23},"end":{"line":27,"column":1}},"3":{"start":{"line":14,"column":2},"end":{"line":25,"column":5}},"4":{"start":{"line":28,"column":21},"end":{"line":43,"column":1}},"5":{"start":{"line":30,"column":2},"end":{"line":41,"column":5}},"6":{"start":{"line":45,"column":28},"end":{"line":50,"column":1}},"7":{"start":{"line":46,"column":2},"end":{"line":49,"column":5}},"8":{"start":{"line":52,"column":23},"end":{"line":57,"column":1}},"9":{"start":{"line":53,"column":2},"end":{"line":56,"column":5}},"10":{"start":{"line":59,"column":26},"end":{"line":64,"column":1}},"11":{"start":{"line":60,"column":2},"end":{"line":63,"column":5}},"12":{"start":{"line":66,"column":21},"end":{"line":71,"column":1}},"13":{"start":{"line":67,"column":2},"end":{"line":70,"column":5}}},"fnMap":{"0":{"name":"(anonymous_0)","decl":{"start":{"line":3,"column":23},"end":{"line":3,"column":24}},"loc":{"start":{"line":3,"column":52},"end":{"line":10,"column":1}},"line":3},"1":{"name":"(anonymous_1)","decl":{"start":{"line":12,"column":23},"end":{"line":12,"column":24}},"loc":{"start":{"line":12,"column":66},"end":{"line":27,"column":1}},"line":12},"2":{"name":"(anonymous_2)","decl":{"start":{"line":28,"column":21},"end":{"line":28,"column":22}},"loc":{"start":{"line":28,"column":63},"end":{"line":43,"column":1}},"line":28},"3":{"name":"(anonymous_3)","decl":{"start":{"line":45,"column":28},"end":{"line":45,"column":29}},"loc":{"start":{"line":45,"column":45},"end":{"line":50,"column":1}},"line":45},"4":{"name":"(anonymous_4)","decl":{"start":{"line":52,"column":23},"end":{"line":52,"column":24}},"loc":{"start":{"line":52,"column":40},"end":{"line":57,"column":1}},"line":52},"5":{"name":"(anonymous_5)","decl":{"start":{"line":59,"column":26},"end":{"line":59,"column":27}},"loc":{"start":{"line":59,"column":41},"end":{"line":64,"column":1}},"line":59},"6":{"name":"(anonymous_6)","decl":{"start":{"line":66,"column":21},"end":{"line":66,"column":22}},"loc":{"start":{"line":66,"column":36},"end":{"line":71,"column":1}},"line":66}},"branchMap":{},"s":{"0":1,"1":1,"2":1,"3":0,"4":1,"5":0,"6":1,"7":0,"8":1,"9":0,"10":1,"11":0,"12":1,"13":0},"f":{"0":1,"1":0,"2":0,"3":0,"4":0,"5":0,"6":0},"b":{},"_coverageSchema":"1a1c01bbd47fc00a2c39e90264f33305004495a9","hash":"ecc620cd01b6429622b663f045a18a1691dd3092"}
,"/Users/alizehrehman/Documents/RPP28/project-atelier/client/questions_answers/helpers.js": {"path":"/Users/alizehrehman/Documents/RPP28/project-atelier/client/questions_answers/helpers.js","statementMap":{"0":{"start":{"line":3,"column":27},"end":{"line":5,"column":1}},"1":{"start":{"line":4,"column":2},"end":{"line":4,"column":50}},"2":{"start":{"line":7,"column":19},"end":{"line":31,"column":1}},"3":{"start":{"line":9,"column":17},"end":{"line":22,"column":3}},"4":{"start":{"line":24,"column":21},"end":{"line":24,"column":52}},"5":{"start":{"line":25,"column":14},"end":{"line":25,"column":37}},"6":{"start":{"line":26,"column":12},"end":{"line":26,"column":77}},"7":{"start":{"line":27,"column":13},"end":{"line":27,"column":28}},"8":{"start":{"line":29,"column":2},"end":{"line":29,"column":36}},"9":{"start":{"line":33,"column":24},"end":{"line":46,"column":1}},"10":{"start":{"line":35,"column":19},"end":{"line":35,"column":77}},"11":{"start":{"line":35,"column":47},"end":{"line":35,"column":76}},"12":{"start":{"line":36,"column":24},"end":{"line":36,"column":26}},"13":{"start":{"line":38,"column":2},"end":{"line":43,"column":3}},"14":{"start":{"line":38,"column":15},"end":{"line":38,"column":16}},"15":{"start":{"line":39,"column":4},"end":{"line":42,"column":5}},"16":{"start":{"line":40,"column":6},"end":{"line":40,"column":72}},"17":{"start":{"line":41,"column":6},"end":{"line":41,"column":10}},"18":{"start":{"line":45,"column":2},"end":{"line":45,"column":44}},"19":{"start":{"line":48,"column":22},"end":{"line":51,"column":1}},"20":{"start":{"line":49,"column":13},"end":{"line":49,"column":32}},"21":{"start":{"line":50,"column":2},"end":{"line":50,"column":24}},"22":{"start":{"line":53,"column":27},"end":{"line":67,"column":1}},"23":{"start":{"line":55,"column":16},"end":{"line":55,"column":18}},"24":{"start":{"line":56,"column":2},"end":{"line":58,"column":3}},"25":{"start":{"line":57,"column":4},"end":{"line":57,"column":29}},"26":{"start":{"line":59,"column":2},"end":{"line":61,"column":3}},"27":{"start":{"line":60,"column":4},"end":{"line":60,"column":29}},"28":{"start":{"line":62,"column":2},"end":{"line":64,"column":3}},"29":{"start":{"line":63,"column":4},"end":{"line":63,"column":26}},"30":{"start":{"line":65,"column":2},"end":{"line":65,"column":61}}},"fnMap":{"0":{"name":"(anonymous_0)","decl":{"start":{"line":3,"column":27},"end":{"line":3,"column":28}},"loc":{"start":{"line":3,"column":37},"end":{"line":5,"column":1}},"line":3},"1":{"name":"(anonymous_1)","decl":{"start":{"line":7,"column":19},"end":{"line":7,"column":20}},"loc":{"start":{"line":7,"column":32},"end":{"line":31,"column":1}},"line":7},"2":{"name":"(anonymous_2)","decl":{"start":{"line":33,"column":24},"end":{"line":33,"column":25}},"loc":{"start":{"line":33,"column":42},"end":{"line":46,"column":1}},"line":33},"3":{"name":"(anonymous_3)","decl":{"start":{"line":35,"column":37},"end":{"line":35,"column":38}},"loc":{"start":{"line":35,"column":47},"end":{"line":35,"column":76}},"line":35},"4":{"name":"(anonymous_4)","decl":{"start":{"line":48,"column":22},"end":{"line":48,"column":23}},"loc":{"start":{"line":48,"column":33},"end":{"line":51,"column":1}},"line":48},"5":{"name":"(anonymous_5)","decl":{"start":{"line":53,"column":27},"end":{"line":53,"column":28}},"loc":{"start":{"line":53,"column":58},"end":{"line":67,"column":1}},"line":53}},"branchMap":{"0":{"loc":{"start":{"line":4,"column":9},"end":{"line":4,"column":49}},"type":"cond-expr","locations":[{"start":{"line":4,"column":29},"end":{"line":4,"column":42}},{"start":{"line":4,"column":45},"end":{"line":4,"column":49}}],"line":4},"1":{"loc":{"start":{"line":26,"column":12},"end":{"line":26,"column":77}},"type":"cond-expr","locations":[{"start":{"line":26,"column":41},"end":{"line":26,"column":59}},{"start":{"line":26,"column":62},"end":{"line":26,"column":77}}],"line":26},"2":{"loc":{"start":{"line":39,"column":4},"end":{"line":42,"column":5}},"type":"if","locations":[{"start":{"line":39,"column":4},"end":{"line":42,"column":5}},{"start":{"line":39,"column":4},"end":{"line":42,"column":5}}],"line":39},"3":{"loc":{"start":{"line":56,"column":2},"end":{"line":58,"column":3}},"type":"if","locations":[{"start":{"line":56,"column":2},"end":{"line":58,"column":3}},{"start":{"line":56,"column":2},"end":{"line":58,"column":3}}],"line":56},"4":{"loc":{"start":{"line":59,"column":2},"end":{"line":61,"column":3}},"type":"if","locations":[{"start":{"line":59,"column":2},"end":{"line":61,"column":3}},{"start":{"line":59,"column":2},"end":{"line":61,"column":3}}],"line":59},"5":{"loc":{"start":{"line":62,"column":2},"end":{"line":64,"column":3}},"type":"if","locations":[{"start":{"line":62,"column":2},"end":{"line":64,"column":3}},{"start":{"line":62,"column":2},"end":{"line":64,"column":3}}],"line":62},"6":{"loc":{"start":{"line":65,"column":9},"end":{"line":65,"column":60}},"type":"cond-expr","locations":[{"start":{"line":65,"column":19},"end":{"line":65,"column":53}},{"start":{"line":65,"column":56},"end":{"line":65,"column":60}}],"line":65}},"s":{"0":1,"1":0,"2":1,"3":0,"4":0,"5":0,"6":0,"7":0,"8":0,"9":1,"10":1,"11":0,"12":1,"13":1,"14":1,"15":0,"16":0,"17":0,"18":1,"19":1,"20":0,"21":0,"22":1,"23":0,"24":0,"25":0,"26":0,"27":0,"28":0,"29":0,"30":0},"f":{"0":0,"1":0,"2":1,"3":0,"4":0,"5":0},"b":{"0":[0,0],"1":[0,0],"2":[0,0],"3":[0,0],"4":[0,0],"5":[0,0],"6":[0,0]},"_coverageSchema":"1a1c01bbd47fc00a2c39e90264f33305004495a9","hash":"2c79054acfe318f3eb2da7a7480335cee70acf51"}
,"/Users/alizehrehman/Documents/RPP28/project-atelier/client/questions_answers/components/Answer.jsx": {"path":"/Users/alizehrehman/Documents/RPP28/project-atelier/client/questions_answers/components/Answer.jsx","statementMap":{"0":{"start":{"line":8,"column":4},"end":{"line":8,"column":17}},"1":{"start":{"line":9,"column":4},"end":{"line":12,"column":6}},"2":{"start":{"line":14,"column":4},"end":{"line":14,"column":77}},"3":{"start":{"line":15,"column":4},"end":{"line":15,"column":75}},"4":{"start":{"line":19,"column":4},"end":{"line":31,"column":9}},"5":{"start":{"line":21,"column":29},"end":{"line":21,"column":79}},"6":{"start":{"line":22,"column":8},"end":{"line":22,"column":50}},"7":{"start":{"line":23,"column":8},"end":{"line":23,"column":79}},"8":{"start":{"line":24,"column":8},"end":{"line":24,"column":64}},"9":{"start":{"line":25,"column":8},"end":{"line":27,"column":11}},"10":{"start":{"line":30,"column":8},"end":{"line":30,"column":25}},"11":{"start":{"line":35,"column":4},"end":{"line":41,"column":9}},"12":{"start":{"line":37,"column":8},"end":{"line":37,"column":40}},"13":{"start":{"line":40,"column":8},"end":{"line":40,"column":25}},"14":{"start":{"line":46,"column":42},"end":{"line":46,"column":59}},"15":{"start":{"line":48,"column":4},"end":{"line":69,"column":6}}},"fnMap":{"0":{"name":"(anonymous_0)","decl":{"start":{"line":7,"column":2},"end":{"line":7,"column":3}},"loc":{"start":{"line":7,"column":21},"end":{"line":16,"column":3}},"line":7},"1":{"name":"(anonymous_1)","decl":{"start":{"line":18,"column":2},"end":{"line":18,"column":3}},"loc":{"start":{"line":18,"column":29},"end":{"line":32,"column":3}},"line":18},"2":{"name":"(anonymous_2)","decl":{"start":{"line":20,"column":12},"end":{"line":20,"column":13}},"loc":{"start":{"line":20,"column":18},"end":{"line":28,"column":7}},"line":20},"3":{"name":"(anonymous_3)","decl":{"start":{"line":29,"column":13},"end":{"line":29,"column":14}},"loc":{"start":{"line":29,"column":22},"end":{"line":31,"column":7}},"line":29},"4":{"name":"(anonymous_4)","decl":{"start":{"line":34,"column":2},"end":{"line":34,"column":3}},"loc":{"start":{"line":34,"column":28},"end":{"line":42,"column":3}},"line":34},"5":{"name":"(anonymous_5)","decl":{"start":{"line":36,"column":12},"end":{"line":36,"column":13}},"loc":{"start":{"line":36,"column":18},"end":{"line":38,"column":7}},"line":36},"6":{"name":"(anonymous_6)","decl":{"start":{"line":39,"column":13},"end":{"line":39,"column":14}},"loc":{"start":{"line":39,"column":22},"end":{"line":41,"column":7}},"line":39},"7":{"name":"(anonymous_7)","decl":{"start":{"line":44,"column":2},"end":{"line":44,"column":3}},"loc":{"start":{"line":44,"column":11},"end":{"line":71,"column":3}},"line":44}},"branchMap":{},"s":{"0":0,"1":0,"2":0,"3":0,"4":0,"5":0,"6":0,"7":0,"8":0,"9":0,"10":0,"11":0,"12":0,"13":0,"14":0,"15":0},"f":{"0":0,"1":0,"2":0,"3":0,"4":0,"5":0,"6":0,"7":0},"b":{},"_coverageSchema":"1a1c01bbd47fc00a2c39e90264f33305004495a9","hash":"e0a02c2b1ab8136458e3fa765d5bfa0cb79d537c"}
,"/Users/alizehrehman/Documents/RPP28/project-atelier/client/questions_answers/components/AnswerForm.jsx": {"path":"/Users/alizehrehman/Documents/RPP28/project-atelier/client/questions_answers/components/AnswerForm.jsx","statementMap":{"0":{"start":{"line":5,"column":4},"end":{"line":5,"column":17}},"1":{"start":{"line":6,"column":4},"end":{"line":10,"column":6}},"2":{"start":{"line":11,"column":4},"end":{"line":11,"column":53}},"3":{"start":{"line":15,"column":17},"end":{"line":15,"column":30}},"4":{"start":{"line":16,"column":18},"end":{"line":16,"column":32}},"5":{"start":{"line":17,"column":4},"end":{"line":19,"column":7}},"6":{"start":{"line":24,"column":4},"end":{"line":64,"column":6}},"7":{"start":{"line":26,"column":56},"end":{"line":26,"column":75}}},"fnMap":{"0":{"name":"(anonymous_0)","decl":{"start":{"line":4,"column":2},"end":{"line":4,"column":3}},"loc":{"start":{"line":4,"column":21},"end":{"line":12,"column":3}},"line":4},"1":{"name":"(anonymous_1)","decl":{"start":{"line":14,"column":2},"end":{"line":14,"column":3}},"loc":{"start":{"line":14,"column":18},"end":{"line":20,"column":3}},"line":14},"2":{"name":"(anonymous_2)","decl":{"start":{"line":22,"column":2},"end":{"line":22,"column":3}},"loc":{"start":{"line":22,"column":11},"end":{"line":65,"column":3}},"line":22},"3":{"name":"(anonymous_3)","decl":{"start":{"line":26,"column":51},"end":{"line":26,"column":52}},"loc":{"start":{"line":26,"column":56},"end":{"line":26,"column":75}},"line":26}},"branchMap":{},"s":{"0":0,"1":0,"2":0,"3":0,"4":0,"5":0,"6":0,"7":0},"f":{"0":0,"1":0,"2":0,"3":0},"b":{},"_coverageSchema":"1a1c01bbd47fc00a2c39e90264f33305004495a9","hash":"c09f6dab2e96b4314b62cf1d2021b1f6bbcbbc8c"}
,"/Users/alizehrehman/Documents/RPP28/project-atelier/client/questions_answers/components/AnswersList.jsx": {"path":"/Users/alizehrehman/Documents/RPP28/project-atelier/client/questions_answers/components/AnswersList.jsx","statementMap":{"0":{"start":{"line":7,"column":4},"end":{"line":7,"column":17}},"1":{"start":{"line":8,"column":4},"end":{"line":14,"column":6}},"2":{"start":{"line":15,"column":4},"end":{"line":15,"column":22}},"3":{"start":{"line":16,"column":4},"end":{"line":16,"column":67}},"4":{"start":{"line":17,"column":4},"end":{"line":17,"column":69}},"5":{"start":{"line":18,"column":4},"end":{"line":18,"column":73}},"6":{"start":{"line":22,"column":30},"end":{"line":22,"column":63}},"7":{"start":{"line":23,"column":28},"end":{"line":23,"column":64}},"8":{"start":{"line":24,"column":26},"end":{"line":24,"column":55}},"9":{"start":{"line":25,"column":27},"end":{"line":25,"column":53}},"10":{"start":{"line":26,"column":4},"end":{"line":29,"column":5}},"11":{"start":{"line":27,"column":6},"end":{"line":27,"column":43}},"12":{"start":{"line":28,"column":6},"end":{"line":28,"column":40}},"13":{"start":{"line":30,"column":4},"end":{"line":33,"column":5}},"14":{"start":{"line":31,"column":6},"end":{"line":31,"column":53}},"15":{"start":{"line":32,"column":6},"end":{"line":32,"column":50}},"16":{"start":{"line":37,"column":4},"end":{"line":42,"column":7}},"17":{"start":{"line":46,"column":4},"end":{"line":51,"column":7}},"18":{"start":{"line":55,"column":4},"end":{"line":61,"column":5}},"19":{"start":{"line":56,"column":6},"end":{"line":60,"column":9}},"20":{"start":{"line":57,"column":8},"end":{"line":59,"column":9}},"21":{"start":{"line":58,"column":10},"end":{"line":58,"column":31}},"22":{"start":{"line":67,"column":4},"end":{"line":83,"column":6}},"23":{"start":{"line":72,"column":46},"end":{"line":77,"column":12}}},"fnMap":{"0":{"name":"(anonymous_0)","decl":{"start":{"line":6,"column":2},"end":{"line":6,"column":3}},"loc":{"start":{"line":6,"column":21},"end":{"line":19,"column":3}},"line":6},"1":{"name":"(anonymous_1)","decl":{"start":{"line":21,"column":2},"end":{"line":21,"column":3}},"loc":{"start":{"line":21,"column":15},"end":{"line":34,"column":3}},"line":21},"2":{"name":"(anonymous_2)","decl":{"start":{"line":36,"column":2},"end":{"line":36,"column":3}},"loc":{"start":{"line":36,"column":24},"end":{"line":43,"column":3}},"line":36},"3":{"name":"(anonymous_3)","decl":{"start":{"line":45,"column":2},"end":{"line":45,"column":3}},"loc":{"start":{"line":45,"column":25},"end":{"line":52,"column":3}},"line":45},"4":{"name":"(anonymous_4)","decl":{"start":{"line":54,"column":2},"end":{"line":54,"column":3}},"loc":{"start":{"line":54,"column":35},"end":{"line":63,"column":3}},"line":54},"5":{"name":"(anonymous_5)","decl":{"start":{"line":56,"column":33},"end":{"line":56,"column":34}},"loc":{"start":{"line":56,"column":45},"end":{"line":60,"column":7}},"line":56},"6":{"name":"(anonymous_6)","decl":{"start":{"line":65,"column":2},"end":{"line":65,"column":3}},"loc":{"start":{"line":65,"column":11},"end":{"line":84,"column":3}},"line":65},"7":{"name":"(anonymous_7)","decl":{"start":{"line":72,"column":34},"end":{"line":72,"column":35}},"loc":{"start":{"line":72,"column":46},"end":{"line":77,"column":12}},"line":72}},"branchMap":{"0":{"loc":{"start":{"line":26,"column":4},"end":{"line":29,"column":5}},"type":"if","locations":[{"start":{"line":26,"column":4},"end":{"line":29,"column":5}},{"start":{"line":26,"column":4},"end":{"line":29,"column":5}}],"line":26},"1":{"loc":{"start":{"line":30,"column":4},"end":{"line":33,"column":5}},"type":"if","locations":[{"start":{"line":30,"column":4},"end":{"line":33,"column":5}},{"start":{"line":30,"column":4},"end":{"line":33,"column":5}}],"line":30},"2":{"loc":{"start":{"line":55,"column":4},"end":{"line":61,"column":5}},"type":"if","locations":[{"start":{"line":55,"column":4},"end":{"line":61,"column":5}},{"start":{"line":55,"column":4},"end":{"line":61,"column":5}}],"line":55},"3":{"loc":{"start":{"line":57,"column":8},"end":{"line":59,"column":9}},"type":"if","locations":[{"start":{"line":57,"column":8},"end":{"line":59,"column":9}},{"start":{"line":57,"column":8},"end":{"line":59,"column":9}}],"line":57},"4":{"loc":{"start":{"line":68,"column":6},"end":{"line":81,"column":12}},"type":"binary-expr","locations":[{"start":{"line":68,"column":6},"end":{"line":68,"column":32}},{"start":{"line":69,"column":6},"end":{"line":81,"column":12}}],"line":68},"5":{"loc":{"start":{"line":78,"column":11},"end":{"line":78,"column":157}},"type":"binary-expr","locations":[{"start":{"line":78,"column":11},"end":{"line":78,"column":47}},{"start":{"line":78,"column":51},"end":{"line":78,"column":157}}],"line":78},"6":{"loc":{"start":{"line":79,"column":11},"end":{"line":79,"column":160}},"type":"binary-expr","locations":[{"start":{"line":79,"column":11},"end":{"line":79,"column":51}},{"start":{"line":79,"column":55},"end":{"line":79,"column":160}}],"line":79}},"s":{"0":1,"1":1,"2":1,"3":1,"4":1,"5":1,"6":1,"7":1,"8":1,"9":1,"10":1,"11":0,"12":0,"13":1,"14":0,"15":0,"16":0,"17":0,"18":0,"19":0,"20":0,"21":0,"22":1,"23":0},"f":{"0":1,"1":1,"2":0,"3":0,"4":0,"5":0,"6":1,"7":0},"b":{"0":[0,1],"1":[0,1],"2":[0,0],"3":[0,0],"4":[1,0],"5":[0,0],"6":[0,0]},"_coverageSchema":"1a1c01bbd47fc00a2c39e90264f33305004495a9","hash":"dfe9cabeaeb720a7ce37413329ec6323b2803b94"}
,"/Users/alizehrehman/Documents/RPP28/project-atelier/client/questions_answers/components/HelpfulReport.jsx": {"path":"/Users/alizehrehman/Documents/RPP28/project-atelier/client/questions_answers/components/HelpfulReport.jsx","statementMap":{"0":{"start":{"line":3,"column":22},"end":{"line":35,"column":1}},"1":{"start":{"line":6,"column":19},"end":{"line":6,"column":126}},"2":{"start":{"line":8,"column":2},"end":{"line":16,"column":3}},"3":{"start":{"line":9,"column":4},"end":{"line":9,"column":60}},"4":{"start":{"line":11,"column":4},"end":{"line":15,"column":6}},"5":{"start":{"line":18,"column":2},"end":{"line":26,"column":3}},"6":{"start":{"line":19,"column":4},"end":{"line":19,"column":94}},"7":{"start":{"line":21,"column":4},"end":{"line":25,"column":13}},"8":{"start":{"line":28,"column":2},"end":{"line":33,"column":4}}},"fnMap":{"0":{"name":"(anonymous_0)","decl":{"start":{"line":3,"column":22},"end":{"line":3,"column":23}},"loc":{"start":{"line":3,"column":33},"end":{"line":35,"column":1}},"line":3}},"branchMap":{"0":{"loc":{"start":{"line":6,"column":51},"end":{"line":6,"column":124}},"type":"cond-expr","locations":[{"start":{"line":6,"column":87},"end":{"line":6,"column":105}},{"start":{"line":6,"column":108},"end":{"line":6,"column":124}}],"line":6},"1":{"loc":{"start":{"line":8,"column":2},"end":{"line":16,"column":3}},"type":"if","locations":[{"start":{"line":8,"column":2},"end":{"line":16,"column":3}},{"start":{"line":8,"column":2},"end":{"line":16,"column":3}}],"line":8},"2":{"loc":{"start":{"line":18,"column":2},"end":{"line":26,"column":3}},"type":"if","locations":[{"start":{"line":18,"column":2},"end":{"line":26,"column":3}},{"start":{"line":18,"column":2},"end":{"line":26,"column":3}}],"line":18}},"s":{"0":1,"1":0,"2":0,"3":0,"4":0,"5":0,"6":0,"7":0,"8":0},"f":{"0":0},"b":{"0":[0,0],"1":[0,0],"2":[0,0]},"_coverageSchema":"1a1c01bbd47fc00a2c39e90264f33305004495a9","hash":"d5a91565a4272f74d476e0955c769f731b3c3c95"}
,"/Users/alizehrehman/Documents/RPP28/project-atelier/client/questions_answers/components/Modal.jsx": {"path":"/Users/alizehrehman/Documents/RPP28/project-atelier/client/questions_answers/components/Modal.jsx","statementMap":{"0":{"start":{"line":3,"column":14},"end":{"line":19,"column":1}},"1":{"start":{"line":4,"column":2},"end":{"line":18,"column":4}}},"fnMap":{"0":{"name":"(anonymous_0)","decl":{"start":{"line":3,"column":14},"end":{"line":3,"column":15}},"loc":{"start":{"line":3,"column":25},"end":{"line":19,"column":1}},"line":3}},"branchMap":{},"s":{"0":1,"1":0},"f":{"0":0},"b":{},"_coverageSchema":"1a1c01bbd47fc00a2c39e90264f33305004495a9","hash":"1d3f4b551ab32ae244d7ae62d9b1c7c68622950f"}
,"/Users/alizehrehman/Documents/RPP28/project-atelier/client/questions_answers/components/Question.jsx": {"path":"/Users/alizehrehman/Documents/RPP28/project-atelier/client/questions_answers/components/Question.jsx","statementMap":{"0":{"start":{"line":10,"column":4},"end":{"line":10,"column":17}},"1":{"start":{"line":11,"column":4},"end":{"line":15,"column":6}},"2":{"start":{"line":16,"column":4},"end":{"line":16,"column":69}},"3":{"start":{"line":17,"column":4},"end":{"line":17,"column":65}},"4":{"start":{"line":18,"column":4},"end":{"line":18,"column":61}},"5":{"start":{"line":19,"column":4},"end":{"line":19,"column":77}},"6":{"start":{"line":20,"column":4},"end":{"line":20,"column":75}},"7":{"start":{"line":25,"column":4},"end":{"line":36,"column":9}},"8":{"start":{"line":27,"column":31},"end":{"line":27,"column":83}},"9":{"start":{"line":28,"column":8},"end":{"line":28,"column":54}},"10":{"start":{"line":29,"column":8},"end":{"line":29,"column":83}},"11":{"start":{"line":30,"column":8},"end":{"line":32,"column":11}},"12":{"start":{"line":35,"column":8},"end":{"line":35,"column":25}},"13":{"start":{"line":43,"column":4},"end":{"line":49,"column":9}},"14":{"start":{"line":45,"column":8},"end":{"line":45,"column":40}},"15":{"start":{"line":48,"column":8},"end":{"line":48,"column":25}},"16":{"start":{"line":54,"column":4},"end":{"line":56,"column":7}},"17":{"start":{"line":60,"column":4},"end":{"line":62,"column":7}},"18":{"start":{"line":67,"column":4},"end":{"line":67,"column":23}},"19":{"start":{"line":69,"column":19},"end":{"line":69,"column":40}},"20":{"start":{"line":70,"column":21},"end":{"line":70,"column":44}},"21":{"start":{"line":71,"column":18},"end":{"line":71,"column":38}},"22":{"start":{"line":73,"column":20},"end":{"line":73,"column":63}},"23":{"start":{"line":75,"column":4},"end":{"line":78,"column":5}},"24":{"start":{"line":76,"column":6},"end":{"line":76,"column":21}},"25":{"start":{"line":77,"column":6},"end":{"line":77,"column":13}},"26":{"start":{"line":80,"column":4},"end":{"line":86,"column":9}},"27":{"start":{"line":82,"column":8},"end":{"line":82,"column":30}},"28":{"start":{"line":85,"column":8},"end":{"line":85,"column":25}},"29":{"start":{"line":87,"column":4},"end":{"line":89,"column":7}},"30":{"start":{"line":95,"column":4},"end":{"line":124,"column":6}}},"fnMap":{"0":{"name":"(anonymous_0)","decl":{"start":{"line":9,"column":2},"end":{"line":9,"column":3}},"loc":{"start":{"line":9,"column":21},"end":{"line":21,"column":3}},"line":9},"1":{"name":"(anonymous_1)","decl":{"start":{"line":23,"column":2},"end":{"line":23,"column":3}},"loc":{"start":{"line":23,"column":29},"end":{"line":39,"column":3}},"line":23},"2":{"name":"(anonymous_2)","decl":{"start":{"line":26,"column":12},"end":{"line":26,"column":13}},"loc":{"start":{"line":26,"column":18},"end":{"line":33,"column":7}},"line":26},"3":{"name":"(anonymous_3)","decl":{"start":{"line":34,"column":13},"end":{"line":34,"column":14}},"loc":{"start":{"line":34,"column":22},"end":{"line":36,"column":7}},"line":34},"4":{"name":"(anonymous_4)","decl":{"start":{"line":41,"column":2},"end":{"line":41,"column":3}},"loc":{"start":{"line":41,"column":28},"end":{"line":51,"column":3}},"line":41},"5":{"name":"(anonymous_5)","decl":{"start":{"line":44,"column":12},"end":{"line":44,"column":13}},"loc":{"start":{"line":44,"column":18},"end":{"line":46,"column":7}},"line":44},"6":{"name":"(anonymous_6)","decl":{"start":{"line":47,"column":13},"end":{"line":47,"column":14}},"loc":{"start":{"line":47,"column":22},"end":{"line":49,"column":7}},"line":47},"7":{"name":"(anonymous_7)","decl":{"start":{"line":53,"column":2},"end":{"line":53,"column":3}},"loc":{"start":{"line":53,"column":21},"end":{"line":57,"column":3}},"line":53},"8":{"name":"(anonymous_8)","decl":{"start":{"line":59,"column":2},"end":{"line":59,"column":3}},"loc":{"start":{"line":59,"column":25},"end":{"line":63,"column":3}},"line":59},"9":{"name":"(anonymous_9)","decl":{"start":{"line":65,"column":2},"end":{"line":65,"column":3}},"loc":{"start":{"line":65,"column":24},"end":{"line":91,"column":3}},"line":65},"10":{"name":"(anonymous_10)","decl":{"start":{"line":81,"column":12},"end":{"line":81,"column":13}},"loc":{"start":{"line":81,"column":26},"end":{"line":83,"column":7}},"line":81},"11":{"name":"(anonymous_11)","decl":{"start":{"line":84,"column":13},"end":{"line":84,"column":14}},"loc":{"start":{"line":84,"column":22},"end":{"line":86,"column":7}},"line":84},"12":{"name":"(anonymous_12)","decl":{"start":{"line":93,"column":2},"end":{"line":93,"column":3}},"loc":{"start":{"line":93,"column":11},"end":{"line":126,"column":3}},"line":93}},"branchMap":{"0":{"loc":{"start":{"line":75,"column":4},"end":{"line":78,"column":5}},"type":"if","locations":[{"start":{"line":75,"column":4},"end":{"line":78,"column":5}},{"start":{"line":75,"column":4},"end":{"line":78,"column":5}}],"line":75},"1":{"loc":{"start":{"line":117,"column":9},"end":{"line":122,"column":10}},"type":"binary-expr","locations":[{"start":{"line":117,"column":9},"end":{"line":117,"column":35}},{"start":{"line":117,"column":39},"end":{"line":122,"column":10}}],"line":117}},"s":{"0":0,"1":0,"2":0,"3":0,"4":0,"5":0,"6":0,"7":0,"8":0,"9":0,"10":0,"11":0,"12":0,"13":0,"14":0,"15":0,"16":0,"17":0,"18":0,"19":0,"20":0,"21":0,"22":0,"23":0,"24":0,"25":0,"26":0,"27":0,"28":0,"29":0,"30":0},"f":{"0":0,"1":0,"2":0,"3":0,"4":0,"5":0,"6":0,"7":0,"8":0,"9":0,"10":0,"11":0,"12":0},"b":{"0":[0,0],"1":[0,0]},"_coverageSchema":"1a1c01bbd47fc00a2c39e90264f33305004495a9","hash":"6dcd58d1643ef11c26b087d49b9f8862d6a7b655"}
,"/Users/alizehrehman/Documents/RPP28/project-atelier/client/questions_answers/components/QuestionForm.jsx": {"path":"/Users/alizehrehman/Documents/RPP28/project-atelier/client/questions_answers/components/QuestionForm.jsx","statementMap":{"0":{"start":{"line":5,"column":4},"end":{"line":5,"column":17}},"1":{"start":{"line":6,"column":4},"end":{"line":10,"column":6}},"2":{"start":{"line":12,"column":4},"end":{"line":12,"column":53}},"3":{"start":{"line":16,"column":17},"end":{"line":16,"column":30}},"4":{"start":{"line":17,"column":18},"end":{"line":17,"column":32}},"5":{"start":{"line":18,"column":4},"end":{"line":20,"column":7}},"6":{"start":{"line":25,"column":4},"end":{"line":65,"column":6}},"7":{"start":{"line":27,"column":56},"end":{"line":27,"column":75}}},"fnMap":{"0":{"name":"(anonymous_0)","decl":{"start":{"line":4,"column":2},"end":{"line":4,"column":3}},"loc":{"start":{"line":4,"column":21},"end":{"line":13,"column":3}},"line":4},"1":{"name":"(anonymous_1)","decl":{"start":{"line":15,"column":2},"end":{"line":15,"column":3}},"loc":{"start":{"line":15,"column":18},"end":{"line":21,"column":3}},"line":15},"2":{"name":"(anonymous_2)","decl":{"start":{"line":23,"column":2},"end":{"line":23,"column":3}},"loc":{"start":{"line":23,"column":11},"end":{"line":67,"column":3}},"line":23},"3":{"name":"(anonymous_3)","decl":{"start":{"line":27,"column":51},"end":{"line":27,"column":52}},"loc":{"start":{"line":27,"column":56},"end":{"line":27,"column":75}},"line":27}},"branchMap":{},"s":{"0":0,"1":0,"2":0,"3":0,"4":0,"5":0,"6":0,"7":0},"f":{"0":0,"1":0,"2":0,"3":0},"b":{},"_coverageSchema":"1a1c01bbd47fc00a2c39e90264f33305004495a9","hash":"4b337fb4ea7b2335570e459147bb22f88f90ad40"}
,"/Users/alizehrehman/Documents/RPP28/project-atelier/client/questions_answers/components/QuestionsList.jsx": {"path":"/Users/alizehrehman/Documents/RPP28/project-atelier/client/questions_answers/components/QuestionsList.jsx","statementMap":{"0":{"start":{"line":4,"column":22},"end":{"line":17,"column":1}},"1":{"start":{"line":5,"column":2},"end":{"line":15,"column":8}},"2":{"start":{"line":6,"column":39},"end":{"line":14,"column":6}}},"fnMap":{"0":{"name":"(anonymous_0)","decl":{"start":{"line":4,"column":22},"end":{"line":4,"column":23}},"loc":{"start":{"line":5,"column":2},"end":{"line":15,"column":8}},"line":5},"1":{"name":"(anonymous_1)","decl":{"start":{"line":6,"column":25},"end":{"line":6,"column":26}},"loc":{"start":{"line":6,"column":39},"end":{"line":14,"column":6}},"line":6}},"branchMap":{},"s":{"0":1,"1":2,"2":0},"f":{"0":2,"1":0},"b":{},"_coverageSchema":"1a1c01bbd47fc00a2c39e90264f33305004495a9","hash":"00c20383f159f0c37f2051a46ea32d3f029e6d6c"}
,"/Users/alizehrehman/Documents/RPP28/project-atelier/client/questions_answers/components/Search.jsx": {"path":"/Users/alizehrehman/Documents/RPP28/project-atelier/client/questions_answers/components/Search.jsx","statementMap":{"0":{"start":{"line":3,"column":15},"end":{"line":16,"column":1}},"1":{"start":{"line":5,"column":2},"end":{"line":15,"column":8}}},"fnMap":{"0":{"name":"(anonymous_0)","decl":{"start":{"line":3,"column":15},"end":{"line":3,"column":16}},"loc":{"start":{"line":5,"column":2},"end":{"line":15,"column":8}},"line":5}},"branchMap":{},"s":{"0":1,"1":0},"f":{"0":0},"b":{},"_coverageSchema":"1a1c01bbd47fc00a2c39e90264f33305004495a9","hash":"7a9e0249e211ae03570107379137db857b64ecbc"}
}
